<?xml version="1.0" encoding="UTF-8"?>
<coverage generated="1722524140703" clover="3.2.0">
  <project timestamp="1722524140703" name="All files">
    <metrics statements="46" coveredstatements="44" conditionals="5" coveredconditionals="5" methods="14" coveredmethods="14" elements="65" coveredelements="63" complexity="0" loc="46" ncloc="46" packages="2" files="4" classes="4"/>
    <package name="src">
      <metrics statements="13" coveredstatements="11" conditionals="0" coveredconditionals="0" methods="3" coveredmethods="3"/>
      <file name="api.ts" path="/Users/tenma/Documents/dev/ynov/4.CI-CD/CI-CD-Ynov-front/src/api.ts">
        <metrics statements="13" coveredstatements="11" conditionals="0" coveredconditionals="0" methods="3" coveredmethods="3"/>
        <line num="3" count="2" type="stmt"/>
        <line num="10" count="2" type="stmt"/>
        <line num="11" count="2" type="stmt"/>
        <line num="12" count="2" type="stmt"/>
        <line num="13" count="1" type="stmt"/>
        <line num="15" count="1" type="stmt"/>
        <line num="16" count="1" type="stmt"/>
        <line num="26" count="2" type="stmt"/>
        <line num="27" count="3" type="stmt"/>
        <line num="28" count="3" type="stmt"/>
        <line num="34" count="2" type="stmt"/>
        <line num="36" count="0" type="stmt"/>
        <line num="37" count="0" type="stmt"/>
      </file>
      <file name="vite-env.d.ts" path="/Users/tenma/Documents/dev/ynov/4.CI-CD/CI-CD-Ynov-front/src/vite-env.d.ts">
        <metrics statements="0" coveredstatements="0" conditionals="0" coveredconditionals="0" methods="0" coveredmethods="0"/>
      </file>
    </package>
    <package name="src.components.UserForm">
      <metrics statements="33" coveredstatements="33" conditionals="5" coveredconditionals="5" methods="11" coveredmethods="11"/>
      <file name="formSchema.ts" path="/Users/tenma/Documents/dev/ynov/4.CI-CD/CI-CD-Ynov-front/src/components/UserForm/formSchema.ts">
        <metrics statements="9" coveredstatements="9" conditionals="0" coveredconditionals="0" methods="6" coveredmethods="6"/>
        <line num="1" count="1" type="stmt"/>
        <line num="2" count="1" type="stmt"/>
        <line num="9" count="1" type="stmt"/>
        <line num="14" count="39" type="stmt"/>
        <line num="21" count="39" type="stmt"/>
        <line num="27" count="39" type="stmt"/>
        <line num="31" count="39" type="stmt"/>
        <line num="37" count="39" type="stmt"/>
        <line num="42" count="39" type="stmt"/>
      </file>
      <file name="validationUtils.ts" path="/Users/tenma/Documents/dev/ynov/4.CI-CD/CI-CD-Ynov-front/src/components/UserForm/validationUtils.ts">
        <metrics statements="24" coveredstatements="24" conditionals="5" coveredconditionals="5" methods="5" coveredmethods="5"/>
        <line num="7" count="2" type="stmt"/>
        <line num="8" count="44" type="cond" truecount="1" falsecount="0"/>
        <line num="9" count="1" type="stmt"/>
        <line num="12" count="43" type="cond" truecount="1" falsecount="0"/>
        <line num="13" count="1" type="stmt"/>
        <line num="16" count="42" type="stmt"/>
        <line num="17" count="42" type="stmt"/>
        <line num="19" count="42" type="stmt"/>
        <line num="29" count="2" type="stmt"/>
        <line num="30" count="41" type="stmt"/>
        <line num="31" count="41" type="cond" truecount="1" falsecount="0"/>
        <line num="32" count="2" type="stmt"/>
        <line num="34" count="39" type="stmt"/>
        <line num="42" count="2" type="stmt"/>
        <line num="43" count="41" type="cond" truecount="2" falsecount="0"/>
        <line num="52" count="2" type="stmt"/>
        <line num="53" count="41" type="stmt"/>
        <line num="63" count="2" type="stmt"/>
        <line num="64" count="119" type="stmt"/>
        <line num="68" count="2" type="stmt"/>
        <line num="69" count="2" type="stmt"/>
        <line num="70" count="2" type="stmt"/>
        <line num="71" count="2" type="stmt"/>
        <line num="72" count="2" type="stmt"/>
      </file>
    </package>
  </project>
</coverage>
