{"/Users/tenma/Documents/dev/ynov/4.CI-CD/form/src/api.ts": {"path":"/Users/tenma/Documents/dev/ynov/4.CI-CD/form/src/api.ts","statementMap":{"0":{"start":{"line":4,"column":12},"end":{"line":4,"column":35}},"1":{"start":{"line":5,"column":27},"end":{"line":13,"column":1}},"2":{"start":{"line":6,"column":2},"end":{"line":12,"column":3}},"3":{"start":{"line":7,"column":21},"end":{"line":7,"column":48}},"4":{"start":{"line":8,"column":4},"end":{"line":8,"column":27}},"5":{"start":{"line":10,"column":4},"end":{"line":10,"column":42}},"6":{"start":{"line":11,"column":4},"end":{"line":11,"column":16}},"7":{"start":{"line":5,"column":13},"end":{"line":5,"column":27}},"8":{"start":{"line":15,"column":26},"end":{"line":28,"column":1}},"9":{"start":{"line":16,"column":2},"end":{"line":27,"column":3}},"10":{"start":{"line":17,"column":4},"end":{"line":23,"column":33}},"11":{"start":{"line":23,"column":21},"end":{"line":23,"column":31}},"12":{"start":{"line":25,"column":4},"end":{"line":25,"column":41}},"13":{"start":{"line":26,"column":4},"end":{"line":26,"column":16}},"14":{"start":{"line":15,"column":13},"end":{"line":15,"column":26}}},"fnMap":{"0":{"name":"(anonymous_0)","decl":{"start":{"line":5,"column":27},"end":{"line":5,"column":32}},"loc":{"start":{"line":5,"column":38},"end":{"line":13,"column":1}}},"1":{"name":"(anonymous_1)","decl":{"start":{"line":15,"column":26},"end":{"line":15,"column":27}},"loc":{"start":{"line":15,"column":41},"end":{"line":28,"column":1}}},"2":{"name":"(anonymous_2)","decl":{"start":{"line":23,"column":12},"end":{"line":23,"column":13}},"loc":{"start":{"line":23,"column":21},"end":{"line":23,"column":31}}}},"branchMap":{},"s":{"0":1,"1":1,"2":0,"3":0,"4":0,"5":0,"6":0,"7":1,"8":1,"9":0,"10":0,"11":0,"12":0,"13":0,"14":1},"f":{"0":0,"1":0,"2":0},"b":{}}
,"/Users/tenma/Documents/dev/ynov/4.CI-CD/form/src/vite-env.d.ts": {"path":"/Users/tenma/Documents/dev/ynov/4.CI-CD/form/src/vite-env.d.ts","statementMap":{},"fnMap":{},"branchMap":{},"s":{},"f":{},"b":{}}
,"/Users/tenma/Documents/dev/ynov/4.CI-CD/form/src/components/UserForm/formSchema.ts": {"path":"/Users/tenma/Documents/dev/ynov/4.CI-CD/form/src/components/UserForm/formSchema.ts","statementMap":{"0":{"start":{"line":1,"column":0},"end":{"line":1,"column":24}},"1":{"start":{"line":2,"column":0},"end":{"line":2,"column":null}},"2":{"start":{"line":9,"column":13},"end":{"line":41,"column":3}},"3":{"start":{"line":13,"column":17},"end":{"line":13,"column":46}},"4":{"start":{"line":19,"column":17},"end":{"line":19,"column":46}},"5":{"start":{"line":24,"column":23},"end":{"line":24,"column":42}},"6":{"start":{"line":29,"column":17},"end":{"line":29,"column":55}},"7":{"start":{"line":34,"column":23},"end":{"line":34,"column":52}},"8":{"start":{"line":38,"column":17},"end":{"line":38,"column":38}}},"fnMap":{"0":{"name":"(anonymous_0)","decl":{"start":{"line":13,"column":6},"end":{"line":13,"column":7}},"loc":{"start":{"line":13,"column":17},"end":{"line":13,"column":46}}},"1":{"name":"(anonymous_1)","decl":{"start":{"line":19,"column":6},"end":{"line":19,"column":7}},"loc":{"start":{"line":19,"column":17},"end":{"line":19,"column":46}}},"2":{"name":"(anonymous_2)","decl":{"start":{"line":24,"column":12},"end":{"line":24,"column":13}},"loc":{"start":{"line":24,"column":23},"end":{"line":24,"column":42}}},"3":{"name":"(anonymous_3)","decl":{"start":{"line":29,"column":6},"end":{"line":29,"column":7}},"loc":{"start":{"line":29,"column":17},"end":{"line":29,"column":55}}},"4":{"name":"(anonymous_4)","decl":{"start":{"line":34,"column":12},"end":{"line":34,"column":13}},"loc":{"start":{"line":34,"column":23},"end":{"line":34,"column":52}}},"5":{"name":"(anonymous_5)","decl":{"start":{"line":38,"column":6},"end":{"line":38,"column":7}},"loc":{"start":{"line":38,"column":17},"end":{"line":38,"column":38}}}},"branchMap":{},"s":{"0":1,"1":1,"2":1,"3":1,"4":1,"5":1,"6":1,"7":1,"8":1},"f":{"0":1,"1":1,"2":1,"3":1,"4":1,"5":1},"b":{}}
,"/Users/tenma/Documents/dev/ynov/4.CI-CD/form/src/components/UserForm/validationUtils.ts": {"path":"/Users/tenma/Documents/dev/ynov/4.CI-CD/form/src/components/UserForm/validationUtils.ts","statementMap":{"0":{"start":{"line":7,"column":21},"end":{"line":20,"column":1}},"1":{"start":{"line":8,"column":2},"end":{"line":10,"column":3}},"2":{"start":{"line":9,"column":4},"end":{"line":9,"column":58}},"3":{"start":{"line":12,"column":2},"end":{"line":14,"column":3}},"4":{"start":{"line":13,"column":4},"end":{"line":13,"column":43}},"5":{"start":{"line":16,"column":19},"end":{"line":16,"column":57}},"6":{"start":{"line":17,"column":14},"end":{"line":17,"column":56}},"7":{"start":{"line":19,"column":2},"end":{"line":19,"column":13}},"8":{"start":{"line":68,"column":2},"end":{"line":68,"column":14}},"9":{"start":{"line":29,"column":26},"end":{"line":35,"column":1}},"10":{"start":{"line":30,"column":14},"end":{"line":30,"column":33}},"11":{"start":{"line":31,"column":2},"end":{"line":33,"column":3}},"12":{"start":{"line":32,"column":4},"end":{"line":32,"column":17}},"13":{"start":{"line":34,"column":2},"end":{"line":34,"column":14}},"14":{"start":{"line":67,"column":2},"end":{"line":67,"column":19}},"15":{"start":{"line":42,"column":23},"end":{"line":44,"column":1}},"16":{"start":{"line":43,"column":2},"end":{"line":43,"column":57}},"17":{"start":{"line":71,"column":2},"end":{"line":71,"column":16}},"18":{"start":{"line":52,"column":21},"end":{"line":54,"column":1}},"19":{"start":{"line":53,"column":2},"end":{"line":53,"column":63}},"20":{"start":{"line":70,"column":2},"end":{"line":70,"column":14}},"21":{"start":{"line":62,"column":31},"end":{"line":64,"column":1}},"22":{"start":{"line":63,"column":2},"end":{"line":63,"column":51}},"23":{"start":{"line":69,"column":2},"end":{"line":69,"column":24}}},"fnMap":{"0":{"name":"(anonymous_0)","decl":{"start":{"line":7,"column":21},"end":{"line":7,"column":22}},"loc":{"start":{"line":7,"column":37},"end":{"line":20,"column":1}}},"1":{"name":"(anonymous_1)","decl":{"start":{"line":29,"column":26},"end":{"line":29,"column":27}},"loc":{"start":{"line":29,"column":58},"end":{"line":35,"column":1}}},"2":{"name":"(anonymous_2)","decl":{"start":{"line":42,"column":23},"end":{"line":42,"column":24}},"loc":{"start":{"line":42,"column":43},"end":{"line":44,"column":1}}},"3":{"name":"(anonymous_3)","decl":{"start":{"line":52,"column":21},"end":{"line":52,"column":22}},"loc":{"start":{"line":52,"column":39},"end":{"line":54,"column":1}}},"4":{"name":"(anonymous_4)","decl":{"start":{"line":62,"column":31},"end":{"line":62,"column":32}},"loc":{"start":{"line":62,"column":49},"end":{"line":64,"column":1}}}},"branchMap":{"0":{"loc":{"start":{"line":8,"column":2},"end":{"line":10,"column":3}},"type":"if","locations":[{"start":{"line":8,"column":2},"end":{"line":10,"column":3}}]},"1":{"loc":{"start":{"line":12,"column":2},"end":{"line":14,"column":3}},"type":"if","locations":[{"start":{"line":12,"column":2},"end":{"line":14,"column":3}}]},"2":{"loc":{"start":{"line":31,"column":2},"end":{"line":33,"column":3}},"type":"if","locations":[{"start":{"line":31,"column":2},"end":{"line":33,"column":3}}]},"3":{"loc":{"start":{"line":43,"column":9},"end":{"line":43,"column":56}},"type":"binary-expr","locations":[{"start":{"line":43,"column":9},"end":{"line":43,"column":29}},{"start":{"line":43,"column":33},"end":{"line":43,"column":56}}]}},"s":{"0":2,"1":4,"2":1,"3":3,"4":1,"5":2,"6":2,"7":2,"8":2,"9":2,"10":1,"11":1,"12":0,"13":1,"14":2,"15":2,"16":1,"17":2,"18":2,"19":1,"20":2,"21":2,"22":3,"23":2},"f":{"0":4,"1":1,"2":1,"3":1,"4":3},"b":{"0":[1],"1":[1],"2":[0],"3":[1,1]}}
,"/Users/tenma/Documents/dev/ynov/4.CI-CD/form/src/components/ui/use-toast.ts": {"path":"/Users/tenma/Documents/dev/ynov/4.CI-CD/form/src/components/ui/use-toast.ts","statementMap":{"0":{"start":{"line":192,"column":9},"end":{"line":192,"column":17}},"1":{"start":{"line":192,"column":19},"end":{"line":192,"column":24}},"2":{"start":{"line":2,"column":0},"end":{"line":2,"column":30}},"3":{"start":{"line":9,"column":20},"end":{"line":9,"column":21}},"4":{"start":{"line":10,"column":27},"end":{"line":10,"column":34}},"5":{"start":{"line":19,"column":20},"end":{"line":24,"column":null}},"6":{"start":{"line":26,"column":12},"end":{"line":26,"column":13}},"7":{"start":{"line":29,"column":2},"end":{"line":29,"column":null}},"8":{"start":{"line":30,"column":2},"end":{"line":30,"column":null}},"9":{"start":{"line":57,"column":22},"end":{"line":57,"column":70}},"10":{"start":{"line":59,"column":25},"end":{"line":73,"column":1}},"11":{"start":{"line":60,"column":2},"end":{"line":62,"column":3}},"12":{"start":{"line":61,"column":4},"end":{"line":61,"column":10}},"13":{"start":{"line":64,"column":18},"end":{"line":70,"column":24}},"14":{"start":{"line":65,"column":4},"end":{"line":65,"column":null}},"15":{"start":{"line":66,"column":4},"end":{"line":69,"column":null}},"16":{"start":{"line":72,"column":2},"end":{"line":72,"column":null}},"17":{"start":{"line":75,"column":23},"end":{"line":128,"column":1}},"18":{"start":{"line":76,"column":2},"end":{"line":127,"column":3}},"19":{"start":{"line":78,"column":6},"end":{"line":81,"column":null}},"20":{"start":{"line":84,"column":6},"end":{"line":89,"column":null}},"21":{"start":{"line":87,"column":10},"end":{"line":87,"column":66}},"22":{"start":{"line":92,"column":26},"end":{"line":92,"column":32}},"23":{"start":{"line":96,"column":6},"end":{"line":102,"column":7}},"24":{"start":{"line":97,"column":8},"end":{"line":97,"column":null}},"25":{"start":{"line":99,"column":8},"end":{"line":101,"column":null}},"26":{"start":{"line":100,"column":10},"end":{"line":100,"column":null}},"27":{"start":{"line":104,"column":6},"end":{"line":114,"column":null}},"28":{"start":{"line":107,"column":10},"end":{"line":112,"column":15}},"29":{"start":{"line":117,"column":6},"end":{"line":122,"column":7}},"30":{"start":{"line":118,"column":8},"end":{"line":121,"column":null}},"31":{"start":{"line":123,"column":6},"end":{"line":126,"column":null}},"32":{"start":{"line":125,"column":43},"end":{"line":125,"column":66}},"33":{"start":{"line":75,"column":13},"end":{"line":75,"column":23}},"34":{"start":{"line":130,"column":49},"end":{"line":130,"column":51}},"35":{"start":{"line":132,"column":25},"end":{"line":132,"column":39}},"36":{"start":{"line":135,"column":2},"end":{"line":135,"column":null}},"37":{"start":{"line":136,"column":2},"end":{"line":138,"column":null}},"38":{"start":{"line":137,"column":4},"end":{"line":137,"column":null}},"39":{"start":{"line":144,"column":13},"end":{"line":144,"column":20}},"40":{"start":{"line":146,"column":17},"end":{"line":150,"column":6}},"41":{"start":{"line":147,"column":4},"end":{"line":150,"column":6}},"42":{"start":{"line":151,"column":18},"end":{"line":151,"column":72}},"43":{"start":{"line":151,"column":24},"end":{"line":151,"column":72}},"44":{"start":{"line":153,"column":2},"end":{"line":163,"column":null}},"45":{"start":{"line":160,"column":8},"end":{"line":160,"column":null}},"46":{"start":{"line":160,"column":19},"end":{"line":160,"column":null}},"47":{"start":{"line":165,"column":2},"end":{"line":169,"column":null}},"48":{"start":{"line":173,"column":28},"end":{"line":173,"column":62}},"49":{"start":{"line":175,"column":2},"end":{"line":183,"column":null}},"50":{"start":{"line":176,"column":4},"end":{"line":176,"column":null}},"51":{"start":{"line":177,"column":4},"end":{"line":182,"column":null}},"52":{"start":{"line":178,"column":20},"end":{"line":178,"column":47}},"53":{"start":{"line":179,"column":6},"end":{"line":181,"column":7}},"54":{"start":{"line":180,"column":8},"end":{"line":180,"column":null}},"55":{"start":{"line":185,"column":2},"end":{"line":189,"column":null}},"56":{"start":{"line":188,"column":35},"end":{"line":188,"column":79}}},"fnMap":{"0":{"name":"genId","decl":{"start":{"line":28,"column":9},"end":{"line":28,"column":14}},"loc":{"start":{"line":28,"column":14},"end":{"line":31,"column":1}}},"1":{"name":"(anonymous_7)","decl":{"start":{"line":59,"column":25},"end":{"line":59,"column":26}},"loc":{"start":{"line":59,"column":45},"end":{"line":73,"column":1}}},"2":{"name":"(anonymous_8)","decl":{"start":{"line":64,"column":29},"end":{"line":64,"column":32}},"loc":{"start":{"line":64,"column":34},"end":{"line":70,"column":3}}},"3":{"name":"(anonymous_9)","decl":{"start":{"line":75,"column":23},"end":{"line":75,"column":24}},"loc":{"start":{"line":75,"column":63},"end":{"line":128,"column":1}}},"4":{"name":"(anonymous_10)","decl":{"start":{"line":86,"column":33},"end":{"line":86,"column":34}},"loc":{"start":{"line":87,"column":10},"end":{"line":87,"column":66}}},"5":{"name":"(anonymous_11)","decl":{"start":{"line":99,"column":29},"end":{"line":99,"column":30}},"loc":{"start":{"line":99,"column":39},"end":{"line":101,"column":9}}},"6":{"name":"(anonymous_12)","decl":{"start":{"line":106,"column":33},"end":{"line":106,"column":34}},"loc":{"start":{"line":107,"column":10},"end":{"line":112,"column":15}}},"7":{"name":"(anonymous_13)","decl":{"start":{"line":125,"column":36},"end":{"line":125,"column":37}},"loc":{"start":{"line":125,"column":43},"end":{"line":125,"column":66}}},"8":{"name":"dispatch","decl":{"start":{"line":134,"column":9},"end":{"line":134,"column":17}},"loc":{"start":{"line":134,"column":32},"end":{"line":139,"column":1}}},"9":{"name":"(anonymous_15)","decl":{"start":{"line":136,"column":20},"end":{"line":136,"column":21}},"loc":{"start":{"line":136,"column":33},"end":{"line":138,"column":3}}},"10":{"name":"toast","decl":{"start":{"line":143,"column":9},"end":{"line":143,"column":14}},"loc":{"start":{"line":143,"column":34},"end":{"line":170,"column":1}}},"11":{"name":"(anonymous_17)","decl":{"start":{"line":146,"column":17},"end":{"line":146,"column":18}},"loc":{"start":{"line":147,"column":4},"end":{"line":150,"column":6}}},"12":{"name":"(anonymous_18)","decl":{"start":{"line":151,"column":18},"end":{"line":151,"column":21}},"loc":{"start":{"line":151,"column":24},"end":{"line":151,"column":72}}},"13":{"name":"(anonymous_19)","decl":{"start":{"line":159,"column":20},"end":{"line":159,"column":21}},"loc":{"start":{"line":159,"column":29},"end":{"line":161,"column":7}}},"14":{"name":"useToast","decl":{"start":{"line":172,"column":9},"end":{"line":172,"column":17}},"loc":{"start":{"line":172,"column":17},"end":{"line":190,"column":1}}},"15":{"name":"(anonymous_21)","decl":{"start":{"line":175,"column":18},"end":{"line":175,"column":21}},"loc":{"start":{"line":175,"column":23},"end":{"line":183,"column":3}}},"16":{"name":"(anonymous_22)","decl":{"start":{"line":177,"column":11},"end":{"line":177,"column":14}},"loc":{"start":{"line":177,"column":16},"end":{"line":182,"column":5}}},"17":{"name":"(anonymous_23)","decl":{"start":{"line":188,"column":13},"end":{"line":188,"column":14}},"loc":{"start":{"line":188,"column":35},"end":{"line":188,"column":79}}}},"branchMap":{"0":{"loc":{"start":{"line":60,"column":2},"end":{"line":62,"column":3}},"type":"if","locations":[{"start":{"line":60,"column":2},"end":{"line":62,"column":3}}]},"1":{"loc":{"start":{"line":76,"column":2},"end":{"line":127,"column":3}},"type":"switch","locations":[{"start":{"line":77,"column":4},"end":{"line":81,"column":null}},{"start":{"line":83,"column":4},"end":{"line":89,"column":null}},{"start":{"line":91,"column":4},"end":{"line":115,"column":5}},{"start":{"line":116,"column":4},"end":{"line":126,"column":null}}]},"2":{"loc":{"start":{"line":87,"column":10},"end":{"line":87,"column":66}},"type":"cond-expr","locations":[{"start":{"line":87,"column":37},"end":{"line":87,"column":62}},{"start":{"line":87,"column":65},"end":{"line":87,"column":66}}]},"3":{"loc":{"start":{"line":96,"column":6},"end":{"line":102,"column":7}},"type":"if","locations":[{"start":{"line":96,"column":6},"end":{"line":102,"column":7}},{"start":{"line":98,"column":13},"end":{"line":102,"column":7}}]},"4":{"loc":{"start":{"line":107,"column":10},"end":{"line":112,"column":15}},"type":"cond-expr","locations":[{"start":{"line":108,"column":14},"end":{"line":111,"column":null}},{"start":{"line":112,"column":14},"end":{"line":112,"column":15}}]},"5":{"loc":{"start":{"line":107,"column":10},"end":{"line":107,"column":51}},"type":"binary-expr","locations":[{"start":{"line":107,"column":10},"end":{"line":107,"column":26}},{"start":{"line":107,"column":30},"end":{"line":107,"column":51}}]},"6":{"loc":{"start":{"line":117,"column":6},"end":{"line":122,"column":7}},"type":"if","locations":[{"start":{"line":117,"column":6},"end":{"line":122,"column":7}}]},"7":{"loc":{"start":{"line":160,"column":8},"end":{"line":160,"column":null}},"type":"if","locations":[{"start":{"line":160,"column":8},"end":{"line":160,"column":null}}]},"8":{"loc":{"start":{"line":179,"column":6},"end":{"line":181,"column":7}},"type":"if","locations":[{"start":{"line":179,"column":6},"end":{"line":181,"column":7}}]}},"s":{"0":1,"1":1,"2":1,"3":1,"4":1,"5":1,"6":1,"7":0,"8":0,"9":1,"10":1,"11":0,"12":0,"13":0,"14":0,"15":0,"16":0,"17":1,"18":0,"19":0,"20":0,"21":0,"22":0,"23":0,"24":0,"25":0,"26":0,"27":0,"28":0,"29":0,"30":0,"31":0,"32":0,"33":1,"34":1,"35":1,"36":0,"37":0,"38":0,"39":0,"40":0,"41":0,"42":0,"43":0,"44":0,"45":0,"46":0,"47":0,"48":0,"49":0,"50":0,"51":0,"52":0,"53":0,"54":0,"55":0,"56":0},"f":{"0":0,"1":0,"2":0,"3":0,"4":0,"5":0,"6":0,"7":0,"8":0,"9":0,"10":0,"11":0,"12":0,"13":0,"14":0,"15":0,"16":0,"17":0},"b":{"0":[0],"1":[0,0,0,0],"2":[0,0],"3":[0,0],"4":[0,0],"5":[0,0],"6":[0],"7":[0],"8":[0]}}
,"/Users/tenma/Documents/dev/ynov/4.CI-CD/form/src/lib/utils.ts": {"path":"/Users/tenma/Documents/dev/ynov/4.CI-CD/form/src/lib/utils.ts","statementMap":{"0":{"start":{"line":4,"column":0},"end":{"line":4,"column":16}},"1":{"start":{"line":1,"column":0},"end":{"line":1,"column":44}},"2":{"start":{"line":2,"column":0},"end":{"line":2,"column":40}},"3":{"start":{"line":5,"column":2},"end":{"line":5,"column":null}}},"fnMap":{"0":{"name":"cn","decl":{"start":{"line":4,"column":16},"end":{"line":4,"column":18}},"loc":{"start":{"line":4,"column":42},"end":{"line":6,"column":1}}}},"branchMap":{},"s":{"0":1,"1":1,"2":1,"3":175},"f":{"0":175},"b":{}}
}
