{"/Users/tenma/Documents/dev/ynov/4.CI-CD/form/src/api.ts": {"path":"/Users/tenma/Documents/dev/ynov/4.CI-CD/form/src/api.ts","statementMap":{"0":{"start":{"line":3,"column":12},"end":{"line":3,"column":36}},"1":{"start":{"line":10,"column":27},"end":{"line":18,"column":1}},"2":{"start":{"line":11,"column":2},"end":{"line":17,"column":3}},"3":{"start":{"line":12,"column":21},"end":{"line":12,"column":48}},"4":{"start":{"line":13,"column":4},"end":{"line":13,"column":27}},"5":{"start":{"line":15,"column":4},"end":{"line":15,"column":23}},"6":{"start":{"line":16,"column":4},"end":{"line":16,"column":16}},"7":{"start":{"line":10,"column":13},"end":{"line":10,"column":27}},"8":{"start":{"line":26,"column":26},"end":{"line":39,"column":1}},"9":{"start":{"line":27,"column":2},"end":{"line":38,"column":3}},"10":{"start":{"line":28,"column":4},"end":{"line":34,"column":33}},"11":{"start":{"line":34,"column":21},"end":{"line":34,"column":31}},"12":{"start":{"line":36,"column":4},"end":{"line":36,"column":41}},"13":{"start":{"line":37,"column":4},"end":{"line":37,"column":16}},"14":{"start":{"line":26,"column":13},"end":{"line":26,"column":26}}},"fnMap":{"0":{"name":"(anonymous_0)","decl":{"start":{"line":10,"column":27},"end":{"line":10,"column":32}},"loc":{"start":{"line":10,"column":38},"end":{"line":18,"column":1}}},"1":{"name":"(anonymous_1)","decl":{"start":{"line":26,"column":26},"end":{"line":26,"column":27}},"loc":{"start":{"line":26,"column":41},"end":{"line":39,"column":1}}},"2":{"name":"(anonymous_2)","decl":{"start":{"line":34,"column":12},"end":{"line":34,"column":13}},"loc":{"start":{"line":34,"column":21},"end":{"line":34,"column":31}}}},"branchMap":{},"s":{"0":2,"1":2,"2":2,"3":2,"4":1,"5":1,"6":1,"7":2,"8":2,"9":2,"10":2,"11":1,"12":0,"13":0,"14":2},"f":{"0":2,"1":2,"2":1},"b":{}}
,"/Users/tenma/Documents/dev/ynov/4.CI-CD/form/src/vite-env.d.ts": {"path":"/Users/tenma/Documents/dev/ynov/4.CI-CD/form/src/vite-env.d.ts","statementMap":{},"fnMap":{},"branchMap":{},"s":{},"f":{},"b":{}}
,"/Users/tenma/Documents/dev/ynov/4.CI-CD/form/src/components/UserForm/formSchema.ts": {"path":"/Users/tenma/Documents/dev/ynov/4.CI-CD/form/src/components/UserForm/formSchema.ts","statementMap":{"0":{"start":{"line":1,"column":0},"end":{"line":1,"column":24}},"1":{"start":{"line":2,"column":0},"end":{"line":2,"column":null}},"2":{"start":{"line":9,"column":13},"end":{"line":41,"column":3}},"3":{"start":{"line":13,"column":17},"end":{"line":13,"column":46}},"4":{"start":{"line":19,"column":17},"end":{"line":19,"column":46}},"5":{"start":{"line":24,"column":23},"end":{"line":24,"column":42}},"6":{"start":{"line":29,"column":17},"end":{"line":29,"column":55}},"7":{"start":{"line":34,"column":23},"end":{"line":34,"column":52}},"8":{"start":{"line":38,"column":17},"end":{"line":38,"column":38}}},"fnMap":{"0":{"name":"(anonymous_0)","decl":{"start":{"line":13,"column":6},"end":{"line":13,"column":7}},"loc":{"start":{"line":13,"column":17},"end":{"line":13,"column":46}}},"1":{"name":"(anonymous_1)","decl":{"start":{"line":19,"column":6},"end":{"line":19,"column":7}},"loc":{"start":{"line":19,"column":17},"end":{"line":19,"column":46}}},"2":{"name":"(anonymous_2)","decl":{"start":{"line":24,"column":12},"end":{"line":24,"column":13}},"loc":{"start":{"line":24,"column":23},"end":{"line":24,"column":42}}},"3":{"name":"(anonymous_3)","decl":{"start":{"line":29,"column":6},"end":{"line":29,"column":7}},"loc":{"start":{"line":29,"column":17},"end":{"line":29,"column":55}}},"4":{"name":"(anonymous_4)","decl":{"start":{"line":34,"column":12},"end":{"line":34,"column":13}},"loc":{"start":{"line":34,"column":23},"end":{"line":34,"column":52}}},"5":{"name":"(anonymous_5)","decl":{"start":{"line":38,"column":6},"end":{"line":38,"column":7}},"loc":{"start":{"line":38,"column":17},"end":{"line":38,"column":38}}}},"branchMap":{},"s":{"0":1,"1":1,"2":1,"3":1,"4":1,"5":1,"6":1,"7":1,"8":1},"f":{"0":1,"1":1,"2":1,"3":1,"4":1,"5":1},"b":{}}
,"/Users/tenma/Documents/dev/ynov/4.CI-CD/form/src/components/UserForm/validationUtils.ts": {"path":"/Users/tenma/Documents/dev/ynov/4.CI-CD/form/src/components/UserForm/validationUtils.ts","statementMap":{"0":{"start":{"line":7,"column":21},"end":{"line":20,"column":1}},"1":{"start":{"line":8,"column":2},"end":{"line":10,"column":3}},"2":{"start":{"line":9,"column":4},"end":{"line":9,"column":58}},"3":{"start":{"line":12,"column":2},"end":{"line":14,"column":3}},"4":{"start":{"line":13,"column":4},"end":{"line":13,"column":43}},"5":{"start":{"line":16,"column":19},"end":{"line":16,"column":57}},"6":{"start":{"line":17,"column":14},"end":{"line":17,"column":56}},"7":{"start":{"line":19,"column":2},"end":{"line":19,"column":13}},"8":{"start":{"line":68,"column":2},"end":{"line":68,"column":14}},"9":{"start":{"line":29,"column":26},"end":{"line":35,"column":1}},"10":{"start":{"line":30,"column":14},"end":{"line":30,"column":33}},"11":{"start":{"line":31,"column":2},"end":{"line":33,"column":3}},"12":{"start":{"line":32,"column":4},"end":{"line":32,"column":17}},"13":{"start":{"line":34,"column":2},"end":{"line":34,"column":14}},"14":{"start":{"line":67,"column":2},"end":{"line":67,"column":19}},"15":{"start":{"line":42,"column":23},"end":{"line":44,"column":1}},"16":{"start":{"line":43,"column":2},"end":{"line":43,"column":57}},"17":{"start":{"line":71,"column":2},"end":{"line":71,"column":16}},"18":{"start":{"line":52,"column":21},"end":{"line":54,"column":1}},"19":{"start":{"line":53,"column":2},"end":{"line":53,"column":63}},"20":{"start":{"line":70,"column":2},"end":{"line":70,"column":14}},"21":{"start":{"line":62,"column":31},"end":{"line":64,"column":1}},"22":{"start":{"line":63,"column":2},"end":{"line":63,"column":51}},"23":{"start":{"line":69,"column":2},"end":{"line":69,"column":24}}},"fnMap":{"0":{"name":"(anonymous_0)","decl":{"start":{"line":7,"column":21},"end":{"line":7,"column":22}},"loc":{"start":{"line":7,"column":37},"end":{"line":20,"column":1}}},"1":{"name":"(anonymous_1)","decl":{"start":{"line":29,"column":26},"end":{"line":29,"column":27}},"loc":{"start":{"line":29,"column":58},"end":{"line":35,"column":1}}},"2":{"name":"(anonymous_2)","decl":{"start":{"line":42,"column":23},"end":{"line":42,"column":24}},"loc":{"start":{"line":42,"column":43},"end":{"line":44,"column":1}}},"3":{"name":"(anonymous_3)","decl":{"start":{"line":52,"column":21},"end":{"line":52,"column":22}},"loc":{"start":{"line":52,"column":39},"end":{"line":54,"column":1}}},"4":{"name":"(anonymous_4)","decl":{"start":{"line":62,"column":31},"end":{"line":62,"column":32}},"loc":{"start":{"line":62,"column":49},"end":{"line":64,"column":1}}}},"branchMap":{"0":{"loc":{"start":{"line":8,"column":2},"end":{"line":10,"column":3}},"type":"if","locations":[{"start":{"line":8,"column":2},"end":{"line":10,"column":3}}]},"1":{"loc":{"start":{"line":12,"column":2},"end":{"line":14,"column":3}},"type":"if","locations":[{"start":{"line":12,"column":2},"end":{"line":14,"column":3}}]},"2":{"loc":{"start":{"line":31,"column":2},"end":{"line":33,"column":3}},"type":"if","locations":[{"start":{"line":31,"column":2},"end":{"line":33,"column":3}}]},"3":{"loc":{"start":{"line":43,"column":9},"end":{"line":43,"column":56}},"type":"binary-expr","locations":[{"start":{"line":43,"column":9},"end":{"line":43,"column":29}},{"start":{"line":43,"column":33},"end":{"line":43,"column":56}}]}},"s":{"0":2,"1":4,"2":1,"3":3,"4":1,"5":2,"6":2,"7":2,"8":2,"9":2,"10":1,"11":1,"12":0,"13":1,"14":2,"15":2,"16":1,"17":2,"18":2,"19":1,"20":2,"21":2,"22":3,"23":2},"f":{"0":4,"1":1,"2":1,"3":1,"4":3},"b":{"0":[1],"1":[1],"2":[0],"3":[1,1]}}
,"/Users/tenma/Documents/dev/ynov/4.CI-CD/form/src/lib/utils.ts": {"path":"/Users/tenma/Documents/dev/ynov/4.CI-CD/form/src/lib/utils.ts","statementMap":{"0":{"start":{"line":4,"column":0},"end":{"line":4,"column":16}},"1":{"start":{"line":1,"column":0},"end":{"line":1,"column":44}},"2":{"start":{"line":2,"column":0},"end":{"line":2,"column":40}},"3":{"start":{"line":5,"column":2},"end":{"line":5,"column":null}}},"fnMap":{"0":{"name":"cn","decl":{"start":{"line":4,"column":16},"end":{"line":4,"column":18}},"loc":{"start":{"line":4,"column":42},"end":{"line":6,"column":1}}}},"branchMap":{},"s":{"0":1,"1":1,"2":1,"3":175},"f":{"0":175},"b":{}}
}
