TN:
SF:src/api.ts
FN:5,(anonymous_0)
FN:15,(anonymous_1)
FN:23,(anonymous_2)
FNF:3
FNH:0
FNDA:0,(anonymous_0)
FNDA:0,(anonymous_1)
FNDA:0,(anonymous_2)
DA:4,1
DA:5,1
DA:6,0
DA:7,0
DA:8,0
DA:10,0
DA:11,0
DA:15,1
DA:16,0
DA:17,0
DA:23,0
DA:25,0
DA:26,0
LF:13
LH:3
BRF:0
BRH:0
end_of_record
TN:
SF:src/vite-env.d.ts
FNF:0
FNH:0
LF:0
LH:0
BRF:0
BRH:0
end_of_record
TN:
SF:src/components/UserForm/formSchema.ts
FN:13,(anonymous_0)
FN:19,(anonymous_1)
FN:24,(anonymous_2)
FN:29,(anonymous_3)
FN:34,(anonymous_4)
FN:38,(anonymous_5)
FNF:6
FNH:6
FNDA:1,(anonymous_0)
FNDA:1,(anonymous_1)
FNDA:1,(anonymous_2)
FNDA:1,(anonymous_3)
FNDA:1,(anonymous_4)
FNDA:1,(anonymous_5)
DA:1,1
DA:2,1
DA:9,1
DA:13,1
DA:19,1
DA:24,1
DA:29,1
DA:34,1
DA:38,1
LF:9
LH:9
BRF:0
BRH:0
end_of_record
TN:
SF:src/components/UserForm/validationUtils.ts
FN:7,(anonymous_0)
FN:29,(anonymous_1)
FN:42,(anonymous_2)
FN:52,(anonymous_3)
FN:62,(anonymous_4)
FNF:5
FNH:5
FNDA:4,(anonymous_0)
FNDA:1,(anonymous_1)
FNDA:1,(anonymous_2)
FNDA:1,(anonymous_3)
FNDA:3,(anonymous_4)
DA:7,2
DA:8,4
DA:9,1
DA:12,3
DA:13,1
DA:16,2
DA:17,2
DA:19,2
DA:29,2
DA:30,1
DA:31,1
DA:32,0
DA:34,1
DA:42,2
DA:43,1
DA:52,2
DA:53,1
DA:62,2
DA:63,3
DA:67,2
DA:68,2
DA:69,2
DA:70,2
DA:71,2
LF:24
LH:23
BRDA:8,0,0,1
BRDA:12,1,0,1
BRDA:31,2,0,0
BRDA:43,3,0,1
BRDA:43,3,1,1
BRF:5
BRH:4
end_of_record
TN:
SF:src/components/ui/use-toast.ts
FN:28,genId
FN:59,(anonymous_7)
FN:64,(anonymous_8)
FN:75,(anonymous_9)
FN:86,(anonymous_10)
FN:99,(anonymous_11)
FN:106,(anonymous_12)
FN:125,(anonymous_13)
FN:134,dispatch
FN:136,(anonymous_15)
FN:143,toast
FN:146,(anonymous_17)
FN:151,(anonymous_18)
FN:159,(anonymous_19)
FN:172,useToast
FN:175,(anonymous_21)
FN:177,(anonymous_22)
FN:188,(anonymous_23)
FNF:18
FNH:0
FNDA:0,genId
FNDA:0,(anonymous_7)
FNDA:0,(anonymous_8)
FNDA:0,(anonymous_9)
FNDA:0,(anonymous_10)
FNDA:0,(anonymous_11)
FNDA:0,(anonymous_12)
FNDA:0,(anonymous_13)
FNDA:0,dispatch
FNDA:0,(anonymous_15)
FNDA:0,toast
FNDA:0,(anonymous_17)
FNDA:0,(anonymous_18)
FNDA:0,(anonymous_19)
FNDA:0,useToast
FNDA:0,(anonymous_21)
FNDA:0,(anonymous_22)
FNDA:0,(anonymous_23)
DA:2,1
DA:9,1
DA:10,1
DA:19,1
DA:26,1
DA:29,0
DA:30,0
DA:57,1
DA:59,1
DA:60,0
DA:61,0
DA:64,0
DA:65,0
DA:66,0
DA:72,0
DA:75,1
DA:76,0
DA:78,0
DA:84,0
DA:87,0
DA:92,0
DA:96,0
DA:97,0
DA:99,0
DA:100,0
DA:104,0
DA:107,0
DA:117,0
DA:118,0
DA:123,0
DA:125,0
DA:130,1
DA:132,1
DA:135,0
DA:136,0
DA:137,0
DA:144,0
DA:146,0
DA:147,0
DA:151,0
DA:153,0
DA:160,0
DA:165,0
DA:173,0
DA:175,0
DA:176,0
DA:177,0
DA:178,0
DA:179,0
DA:180,0
DA:185,0
DA:188,0
DA:192,1
LF:53
LH:11
BRDA:60,0,0,0
BRDA:76,1,0,0
BRDA:76,1,1,0
BRDA:76,1,2,0
BRDA:76,1,3,0
BRDA:87,2,0,0
BRDA:87,2,1,0
BRDA:96,3,0,0
BRDA:96,3,1,0
BRDA:107,4,0,0
BRDA:107,4,1,0
BRDA:107,5,0,0
BRDA:107,5,1,0
BRDA:117,6,0,0
BRDA:160,7,0,0
BRDA:179,8,0,0
BRF:16
BRH:0
end_of_record
TN:
SF:src/lib/utils.ts
FN:4,cn
FNF:1
FNH:1
FNDA:175,cn
DA:1,1
DA:2,1
DA:4,1
DA:5,175
LF:4
LH:4
BRF:0
BRH:0
end_of_record
