TN:
SF:src/api.ts
FN:10,(anonymous_0)
FN:26,(anonymous_1)
FN:34,(anonymous_2)
FNF:3
FNH:3
FNDA:2,(anonymous_0)
FNDA:3,(anonymous_1)
FNDA:2,(anonymous_2)
DA:3,2
DA:10,2
DA:11,2
DA:12,2
DA:13,1
DA:15,1
DA:16,1
DA:26,2
DA:27,3
DA:28,3
DA:34,2
DA:36,0
DA:37,0
LF:13
LH:11
BRF:0
BRH:0
end_of_record
TN:
SF:src/vite-env.d.ts
FNF:0
FNH:0
LF:0
LH:0
BRF:0
BRH:0
end_of_record
TN:
SF:src/components/UserForm/formSchema.ts
FN:14,(anonymous_0)
FN:21,(anonymous_1)
FN:27,(anonymous_2)
FN:31,(anonymous_3)
FN:37,(anonymous_4)
FN:42,(anonymous_5)
FNF:6
FNH:6
FNDA:39,(anonymous_0)
FNDA:39,(anonymous_1)
FNDA:39,(anonymous_2)
FNDA:39,(anonymous_3)
FNDA:39,(anonymous_4)
FNDA:39,(anonymous_5)
DA:1,1
DA:2,1
DA:9,1
DA:14,39
DA:21,39
DA:27,39
DA:31,39
DA:37,39
DA:42,39
LF:9
LH:9
BRF:0
BRH:0
end_of_record
TN:
SF:src/components/UserForm/validationUtils.ts
FN:7,(anonymous_0)
FN:29,(anonymous_1)
FN:42,(anonymous_2)
FN:52,(anonymous_3)
FN:63,(anonymous_4)
FNF:5
FNH:5
FNDA:44,(anonymous_0)
FNDA:41,(anonymous_1)
FNDA:41,(anonymous_2)
FNDA:41,(anonymous_3)
FNDA:119,(anonymous_4)
DA:7,2
DA:8,44
DA:9,1
DA:12,43
DA:13,1
DA:16,42
DA:17,42
DA:19,42
DA:29,2
DA:30,41
DA:31,41
DA:32,2
DA:34,39
DA:42,2
DA:43,41
DA:52,2
DA:53,41
DA:63,2
DA:64,119
DA:68,2
DA:69,2
DA:70,2
DA:71,2
DA:72,2
LF:24
LH:24
BRDA:8,0,0,1
BRDA:12,1,0,1
BRDA:31,2,0,2
BRDA:43,3,0,41
BRDA:43,3,1,9
BRF:5
BRH:5
end_of_record
